<?xml version="1.0" encoding="UTF-8"?>
<!-- Generated by org.testng.reporters.JUnitXMLReporter -->
<testsuite ignored="0" hostname="DESKTOP-1K40J9R" failures="1" tests="3" name="isWordPresent" time="37.685" errors="0" timestamp="2025-09-07T20:24:02 NZST">
  <testcase classname="workproject.test.LandingTest" name="isWordPresent" time="8.82"/>
  <testcase classname="workproject.test.LandingTest" name="isWordPresent" time="10.156">
    <skipped/>
  </testcase> <!-- isWordPresent -->
  <testcase classname="workproject.test.LandingTest" name="isWordPresent" time="7.389">
    <failure type="java.lang.AssertionError" message="The page does NOT contain the text: test automation expected [true] but found [false]">
      <![CDATA[java.lang.AssertionError: The page does NOT contain the text: test automation expected [true] but found [false]
at workproject.pageobjects.FirstLinkLandingPage.wordCheck(FirstLinkLandingPage.java:36)
at workproject.test.LandingTest.isWordPresent(LandingTest.java:26)
at java.base/java.util.ArrayList.forEach(ArrayList.java:1596)
... Removed 28 stack frames]]>
    </failure>
  </testcase> <!-- isWordPresent -->
</testsuite> <!-- isWordPresent -->
