<?xml version="1.0" encoding="UTF-8"?>
<testng-results retried="1" ignored="0" total="3" passed="1" failed="1" skipped="0">
  <reporter-output>
  </reporter-output>
  <suite started-at="2025-09-07T20:46:00 NZST" name="Suite" finished-at="2025-09-07T20:46:31 NZST" duration-ms="31038">
    <groups>
    </groups>
    <test started-at="2025-09-07T20:46:00 NZST" name="isWordPresent" finished-at="2025-09-07T20:46:31 NZST" duration-ms="31038">
      <class name="workproject.test.LandingTest">
        <test-method is-config="true" signature="launchApp()[pri:0, instance:workproject.test.LandingTest@78fa769e]" started-at="2025-09-07T20:46:00 NZST" name="launchApp" finished-at="2025-09-07T20:46:02 NZST" duration-ms="2057" status="PASS">
          <reporter-output>
          </reporter-output>
        </test-method> <!-- launchApp -->
        <test-method signature="isWordPresent(java.util.HashMap)[pri:0, instance:workproject.test.LandingTest@78fa769e]" started-at="2025-09-07T20:46:02 NZST" name="isWordPresent" data-provider="getData" finished-at="2025-09-07T20:46:12 NZST" duration-ms="9636" status="PASS">
          <params>
            <param index="0">
              <value>
                <![CDATA[{wordCheck=automation, searchWord=automation, testCaseName=Check whether the AUTOMATION word is present on the page}]]>
              </value>
            </param>
          </params>
          <reporter-output>
          </reporter-output>
        </test-method> <!-- isWordPresent -->
        <test-method is-config="true" signature="tearDown()[pri:0, instance:workproject.test.LandingTest@78fa769e]" started-at="2025-09-07T20:46:12 NZST" name="tearDown" finished-at="2025-09-07T20:46:12 NZST" duration-ms="200" status="PASS">
          <reporter-output>
          </reporter-output>
        </test-method> <!-- tearDown -->
        <test-method is-config="true" signature="launchApp()[pri:0, instance:workproject.test.LandingTest@78fa769e]" started-at="2025-09-07T20:46:12 NZST" name="launchApp" finished-at="2025-09-07T20:46:13 NZST" duration-ms="1238" status="PASS">
          <reporter-output>
          </reporter-output>
        </test-method> <!-- launchApp -->
        <test-method retried="true" signature="isWordPresent(java.util.HashMap)[pri:0, instance:workproject.test.LandingTest@78fa769e]" started-at="2025-09-07T20:46:13 NZST" name="isWordPresent" data-provider="getData" finished-at="2025-09-07T20:46:20 NZST" duration-ms="6530" status="SKIP">
          <params>
            <param index="0">
              <value>
                <![CDATA[{wordCheck=test automation, searchWord=automation, testCaseName=Check whether the TEST AUTOMATION word is present on the page}]]>
              </value>
            </param>
          </params>
          <exception class="java.lang.AssertionError">
            <message>
              <![CDATA[The page does NOT contain the text: test automation expected [true] but found [false]]]>
            </message>
            <full-stacktrace>
              <![CDATA[java.lang.AssertionError: The page does NOT contain the text: test automation expected [true] but found [false]
at org.testng.Assert.fail(Assert.java:111)
at org.testng.Assert.failNotEquals(Assert.java:1590)
at org.testng.Assert.assertTrue(Assert.java:57)
at workproject.pageobjects.FirstLinkLandingPage.wordCheck(FirstLinkLandingPage.java:29)
at workproject.test.LandingTest.isWordPresent(LandingTest.java:24)
at java.base/jdk.internal.reflect.DirectMethodHandleAccessor.invoke(DirectMethodHandleAccessor.java:103)
at java.base/java.lang.reflect.Method.invoke(Method.java:580)
at org.testng.internal.invokers.MethodInvocationHelper.invokeMethod(MethodInvocationHelper.java:141)
at org.testng.internal.invokers.TestInvoker.invokeMethod(TestInvoker.java:687)
at org.testng.internal.invokers.TestInvoker.invokeTestMethod(TestInvoker.java:230)
at org.testng.internal.invokers.MethodRunner.runInSequence(MethodRunner.java:63)
at org.testng.internal.invokers.TestInvoker$MethodInvocationAgent.invoke(TestInvoker.java:995)
at org.testng.internal.invokers.TestInvoker.invokeTestMethods(TestInvoker.java:203)
at org.testng.internal.invokers.TestMethodWorker.invokeTestMethods(TestMethodWorker.java:154)
at org.testng.internal.invokers.TestMethodWorker.run(TestMethodWorker.java:134)
at java.base/java.util.ArrayList.forEach(ArrayList.java:1596)
at org.testng.TestRunner.privateRun(TestRunner.java:741)
at org.testng.TestRunner.run(TestRunner.java:616)
at org.testng.SuiteRunner.runTest(SuiteRunner.java:421)
at org.testng.SuiteRunner.runSequentially(SuiteRunner.java:413)
at org.testng.SuiteRunner.privateRun(SuiteRunner.java:373)
at org.testng.SuiteRunner.run(SuiteRunner.java:312)
at org.testng.SuiteRunnerWorker.runSuite(SuiteRunnerWorker.java:52)
at org.testng.SuiteRunnerWorker.run(SuiteRunnerWorker.java:95)
at org.testng.TestNG.runSuitesSequentially(TestNG.java:1274)
at org.testng.TestNG.runSuitesLocally(TestNG.java:1208)
at org.testng.TestNG.runSuites(TestNG.java:1112)
at org.testng.TestNG.run(TestNG.java:1079)
at org.testng.remote.AbstractRemoteTestNG.run(AbstractRemoteTestNG.java:115)
at org.testng.remote.RemoteTestNG.initAndRun(RemoteTestNG.java:293)
at org.testng.remote.RemoteTestNG.main(RemoteTestNG.java:91)
]]>
            </full-stacktrace>
          </exception> <!-- java.lang.AssertionError -->
          <reporter-output>
          </reporter-output>
        </test-method> <!-- isWordPresent -->
        <test-method is-config="true" signature="tearDown()[pri:0, instance:workproject.test.LandingTest@78fa769e]" started-at="2025-09-07T20:46:20 NZST" name="tearDown" finished-at="2025-09-07T20:46:20 NZST" duration-ms="189" status="PASS">
          <reporter-output>
          </reporter-output>
        </test-method> <!-- tearDown -->
        <test-method is-config="true" signature="launchApp()[pri:0, instance:workproject.test.LandingTest@78fa769e]" started-at="2025-09-07T20:46:20 NZST" name="launchApp" finished-at="2025-09-07T20:46:21 NZST" duration-ms="1232" status="PASS">
          <reporter-output>
          </reporter-output>
        </test-method> <!-- launchApp -->
        <test-method signature="isWordPresent(java.util.HashMap)[pri:0, instance:workproject.test.LandingTest@78fa769e]" started-at="2025-09-07T20:46:21 NZST" name="isWordPresent" data-provider="getData" finished-at="2025-09-07T20:46:30 NZST" duration-ms="8896" status="FAIL">
          <params>
            <param index="0">
              <value>
                <![CDATA[{wordCheck=test automation, searchWord=automation, testCaseName=Check whether the TEST AUTOMATION word is present on the page}]]>
              </value>
            </param>
          </params>
          <exception class="java.lang.AssertionError">
            <message>
              <![CDATA[The page does NOT contain the text: test automation expected [true] but found [false]]]>
            </message>
            <full-stacktrace>
              <![CDATA[java.lang.AssertionError: The page does NOT contain the text: test automation expected [true] but found [false]
at org.testng.Assert.fail(Assert.java:111)
at org.testng.Assert.failNotEquals(Assert.java:1590)
at org.testng.Assert.assertTrue(Assert.java:57)
at workproject.pageobjects.FirstLinkLandingPage.wordCheck(FirstLinkLandingPage.java:29)
at workproject.test.LandingTest.isWordPresent(LandingTest.java:24)
at java.base/jdk.internal.reflect.DirectMethodHandleAccessor.invoke(DirectMethodHandleAccessor.java:103)
at java.base/java.lang.reflect.Method.invoke(Method.java:580)
at org.testng.internal.invokers.MethodInvocationHelper.invokeMethod(MethodInvocationHelper.java:141)
at org.testng.internal.invokers.TestInvoker.invokeMethod(TestInvoker.java:687)
at org.testng.internal.invokers.TestInvoker.retryFailed(TestInvoker.java:269)
at org.testng.internal.invokers.MethodRunner.runInSequence(MethodRunner.java:76)
at org.testng.internal.invokers.TestInvoker$MethodInvocationAgent.invoke(TestInvoker.java:995)
at org.testng.internal.invokers.TestInvoker.invokeTestMethods(TestInvoker.java:203)
at org.testng.internal.invokers.TestMethodWorker.invokeTestMethods(TestMethodWorker.java:154)
at org.testng.internal.invokers.TestMethodWorker.run(TestMethodWorker.java:134)
at java.base/java.util.ArrayList.forEach(ArrayList.java:1596)
at org.testng.TestRunner.privateRun(TestRunner.java:741)
at org.testng.TestRunner.run(TestRunner.java:616)
at org.testng.SuiteRunner.runTest(SuiteRunner.java:421)
at org.testng.SuiteRunner.runSequentially(SuiteRunner.java:413)
at org.testng.SuiteRunner.privateRun(SuiteRunner.java:373)
at org.testng.SuiteRunner.run(SuiteRunner.java:312)
at org.testng.SuiteRunnerWorker.runSuite(SuiteRunnerWorker.java:52)
at org.testng.SuiteRunnerWorker.run(SuiteRunnerWorker.java:95)
at org.testng.TestNG.runSuitesSequentially(TestNG.java:1274)
at org.testng.TestNG.runSuitesLocally(TestNG.java:1208)
at org.testng.TestNG.runSuites(TestNG.java:1112)
at org.testng.TestNG.run(TestNG.java:1079)
at org.testng.remote.AbstractRemoteTestNG.run(AbstractRemoteTestNG.java:115)
at org.testng.remote.RemoteTestNG.initAndRun(RemoteTestNG.java:293)
at org.testng.remote.RemoteTestNG.main(RemoteTestNG.java:91)
]]>
            </full-stacktrace>
          </exception> <!-- java.lang.AssertionError -->
          <reporter-output>
          </reporter-output>
        </test-method> <!-- isWordPresent -->
        <test-method is-config="true" signature="tearDown()[pri:0, instance:workproject.test.LandingTest@78fa769e]" started-at="2025-09-07T20:46:31 NZST" name="tearDown" finished-at="2025-09-07T20:46:31 NZST" duration-ms="178" status="PASS">
          <reporter-output>
          </reporter-output>
        </test-method> <!-- tearDown -->
      </class> <!-- workproject.test.LandingTest -->
    </test> <!-- isWordPresent -->
  </suite> <!-- Suite -->
</testng-results>
